Running: fuse.exe -relaunch -intstyle "ise" -incremental -o "C:/Users/Usuario/Desktop/N2- ARQUITETURA/TEMPORIZADOR/teste_sd_isim_beh.exe" -prj "C:/Users/Usuario/Desktop/N2- ARQUITETURA/TEMPORIZADOR/teste_sd_beh.prj" "work.teste_sd" 
ISim P.20131013 (signature 0x7708f090)
Number of CPUs detected in this system: 6
Turning on mult-threading, number of parallel sub-compilation jobs: 12 
Determining compilation order of HDL files
Parsing VHDL file "C:/Users/Usuario/Desktop/N2- ARQUITETURA/TEMPORIZADOR/ValidaTermino.vhd" into library work
Parsing VHDL file "C:/Users/Usuario/Desktop/N2- ARQUITETURA/TEMPORIZADOR/Display7seg.vhd" into library work
Parsing VHDL file "C:/Users/Usuario/Desktop/N2- ARQUITETURA/TEMPORIZADOR/ContadorSegundos.vhd" into library work
Parsing VHDL file "C:/Users/Usuario/Desktop/N2- ARQUITETURA/TEMPORIZADOR/ContadorMinutos.vhd" into library work
Parsing VHDL file "C:/Users/Usuario/Desktop/N2- ARQUITETURA/TEMPORIZADOR/ContadorDezenaSegundos.vhd" into library work
Parsing VHDL file "C:/Users/Usuario/Desktop/N2- ARQUITETURA/TEMPORIZADOR/ContadorDezenaMinutos.vhd" into library work
Parsing VHDL file "C:/Users/Usuario/Desktop/N2- ARQUITETURA/TEMPORIZADOR/Contador.vhd" into library work
Parsing VHDL file "C:/Users/Usuario/Desktop/N2- ARQUITETURA/TEMPORIZADOR/UC-ASM_temporizador.vhd" into library work
Parsing VHDL file "C:/Users/Usuario/Desktop/N2- ARQUITETURA/TEMPORIZADOR/temporizador.vhd" into library work
Parsing VHDL file "C:/Users/Usuario/Desktop/N2- ARQUITETURA/TEMPORIZADOR/SD_COMPLETO.vhd" into library work
Parsing VHDL file "C:/Users/Usuario/Desktop/N2- ARQUITETURA/TEMPORIZADOR/teste_sd.vhd" into library work
Starting static elaboration
Completed static elaboration
Compiling package standard
Compiling package std_logic_1164
Compiling architecture behavioral of entity UC_ASM_temporizador [uc_asm_temporizador_default]
Compiling package std_logic_arith
Compiling package std_logic_unsigned
Compiling architecture behavioral of entity ContadorDeClock [contadordeclock_default]
Compiling architecture behavioral of entity ContadorDezenaSegundos [contadordezenasegundos_default]
Compiling architecture behavioral of entity ContadorSegundos [contadorsegundos_default]
Compiling architecture behavioral of entity ContadorDezenaMinutos [contadordezenaminutos_default]
Compiling architecture behavioral of entity ContadorMinutos [contadorminutos_default]
Compiling architecture behavioral of entity Display7seg [display7seg_default]
Compiling architecture behavioral of entity ValidaTermino [validatermino_default]
Compiling architecture behavioral of entity temporizador [temporizador_default]
Compiling architecture behavioral of entity SD_COMPLETO [sd_completo_default]
Compiling architecture behavior of entity teste_sd
Time Resolution for simulation is 1ps.
Waiting for 3 sub-compilation(s) to finish...
Compiled 25 VHDL Units
Built simulation executable C:/Users/Usuario/Desktop/N2- ARQUITETURA/TEMPORIZADOR/teste_sd_isim_beh.exe
Fuse Memory Usage: 35316 KB
Fuse CPU Usage: 514 ms
