Release 14.7 - xst P.20131013 (nt64)
Copyright (c) 1995-2013 Xilinx, Inc.  All rights reserved.
--> Parameter TMPDIR set to xst/projnav.tmp


Total REAL time to Xst completion: 0.00 secs
Total CPU time to Xst completion: 0.13 secs
 
--> Parameter xsthdpdir set to xst


Total REAL time to Xst completion: 0.00 secs
Total CPU time to Xst completion: 0.13 secs
 
--> Reading design: UC_ASM_temporizador.prj

TABLE OF CONTENTS
  1) Synthesis Options Summary
  2) HDL Compilation
  3) Design Hierarchy Analysis
  4) HDL Analysis
  5) HDL Synthesis
     5.1) HDL Synthesis Report
  6) Advanced HDL Synthesis
     6.1) Advanced HDL Synthesis Report
  7) Low Level Synthesis
  8) Partition Report
  9) Final Report
	9.1) Device utilization summary
	9.2) Partition Resource Summary
	9.3) TIMING REPORT


=========================================================================
*                      Synthesis Options Summary                        *
=========================================================================
---- Source Parameters
Input File Name                    : "UC_ASM_temporizador.prj"
Input Format                       : mixed
Ignore Synthesis Constraint File   : NO

---- Target Parameters
Output File Name                   : "UC_ASM_temporizador"
Output Format                      : NGC
Target Device                      : xc3s100e-4-cp132

---- Source Options
Top Module Name                    : UC_ASM_temporizador
Automatic FSM Extraction           : YES
FSM Encoding Algorithm             : Auto
Safe Implementation                : No
FSM Style                          : LUT
RAM Extraction                     : Yes
RAM Style                          : Auto
ROM Extraction                     : Yes
Mux Style                          : Auto
Decoder Extraction                 : YES
Priority Encoder Extraction        : Yes
Shift Register Extraction          : YES
Logical Shifter Extraction         : YES
XOR Collapsing                     : YES
ROM Style                          : Auto
Mux Extraction                     : Yes
Resource Sharing                   : YES
Asynchronous To Synchronous        : NO
Multiplier Style                   : Auto
Automatic Register Balancing       : No

---- Target Options
Add IO Buffers                     : YES
Global Maximum Fanout              : 100000
Add Generic Clock Buffer(BUFG)     : 24
Register Duplication               : YES
Slice Packing                      : YES
Optimize Instantiated Primitives   : NO
Use Clock Enable                   : Yes
Use Synchronous Set                : Yes
Use Synchronous Reset              : Yes
Pack IO Registers into IOBs        : Auto
Equivalent register Removal        : YES

---- General Options
Optimization Goal                  : Speed
Optimization Effort                : 1
Keep Hierarchy                     : No
Netlist Hierarchy                  : As_Optimized
RTL Output                         : Yes
Global Optimization                : AllClockNets
Read Cores                         : YES
Write Timing Constraints           : NO
Cross Clock Analysis               : NO
Hierarchy Separator                : /
Bus Delimiter                      : <>
Case Specifier                     : Maintain
Slice Utilization Ratio            : 100
BRAM Utilization Ratio             : 100
Verilog 2001                       : YES
Auto BRAM Packing                  : NO
Slice Utilization Ratio Delta      : 5

=========================================================================


=========================================================================
*                          HDL Compilation                              *
=========================================================================
Compiling vhdl file "C:/Users/Usuario/Desktop/N2- ARQUITETURA/TEMPORIZADOR/UC-ASM_temporizador.vhd" in Library work.
Entity <uc_asm_temporizador> compiled.
Entity <uc_asm_temporizador> (Architecture <behavioral>) compiled.

=========================================================================
*                     Design Hierarchy Analysis                         *
=========================================================================
Analyzing hierarchy for entity <UC_ASM_temporizador> in library <work> (architecture <behavioral>).


=========================================================================
*                            HDL Analysis                               *
=========================================================================
Analyzing Entity <UC_ASM_temporizador> in library <work> (Architecture <behavioral>).
Entity <UC_ASM_temporizador> analyzed. Unit <UC_ASM_temporizador> generated.


=========================================================================
*                           HDL Synthesis                               *
=========================================================================

Performing bidirectional port resolution...

Synthesizing Unit <UC_ASM_temporizador>.
    Related source file is "C:/Users/Usuario/Desktop/N2- ARQUITETURA/TEMPORIZADOR/UC-ASM_temporizador.vhd".
    Found finite state machine <FSM_0> for signal <ESTADO_ATUAL>.
    -----------------------------------------------------------------------
    | States             | 9                                              |
    | Transitions        | 13                                             |
    | Inputs             | 4                                              |
    | Outputs            | 9                                              |
    | Clock              | CLK_UC                    (rising_edge)        |
    | Reset              | RST_UC                    (positive)           |
    | Reset type         | asynchronous                                   |
    | Reset State        | est_0                                          |
    | Power Up State     | est_0                                          |
    | Encoding           | automatic                                      |
    | Implementation     | LUT                                            |
    -----------------------------------------------------------------------
WARNING:Xst:737 - Found 1-bit latch for signal <EN4>. Latches may be generated from incomplete case or if statements. We do not recommend the use of latches in FPGA/CPLD designs, as they may lead to timing problems.
INFO:Xst:2371 - HDL ADVISOR - Logic functions respectively driving the data and gate enable inputs of this latch share common terms. This situation will potentially lead to setup/hold violations and, as a result, to simulation problems. This situation may come from an incomplete case statement (all selector values are not covered). You should carefully review if it was in your intentions to describe such a latch.
WARNING:Xst:737 - Found 1-bit latch for signal <EN3>. Latches may be generated from incomplete case or if statements. We do not recommend the use of latches in FPGA/CPLD designs, as they may lead to timing problems.
INFO:Xst:2371 - HDL ADVISOR - Logic functions respectively driving the data and gate enable inputs of this latch share common terms. This situation will potentially lead to setup/hold violations and, as a result, to simulation problems. This situation may come from an incomplete case statement (all selector values are not covered). You should carefully review if it was in your intentions to describe such a latch.
WARNING:Xst:737 - Found 1-bit latch for signal <EN2>. Latches may be generated from incomplete case or if statements. We do not recommend the use of latches in FPGA/CPLD designs, as they may lead to timing problems.
INFO:Xst:2371 - HDL ADVISOR - Logic functions respectively driving the data and gate enable inputs of this latch share common terms. This situation will potentially lead to setup/hold violations and, as a result, to simulation problems. This situation may come from an incomplete case statement (all selector values are not covered). You should carefully review if it was in your intentions to describe such a latch.
WARNING:Xst:737 - Found 1-bit latch for signal <EN1>. Latches may be generated from incomplete case or if statements. We do not recommend the use of latches in FPGA/CPLD designs, as they may lead to timing problems.
INFO:Xst:2371 - HDL ADVISOR - Logic functions respectively driving the data and gate enable inputs of this latch share common terms. This situation will potentially lead to setup/hold violations and, as a result, to simulation problems. This situation may come from an incomplete case statement (all selector values are not covered). You should carefully review if it was in your intentions to describe such a latch.
    Summary:
	inferred   1 Finite State Machine(s).
Unit <UC_ASM_temporizador> synthesized.


=========================================================================
HDL Synthesis Report

Macro Statistics
# Latches                                              : 4
 1-bit latch                                           : 4

=========================================================================

=========================================================================
*                       Advanced HDL Synthesis                          *
=========================================================================

Analyzing FSM <FSM_0> for best encoding.
Optimizing FSM <ESTADO_ATUAL/FSM> on signal <ESTADO_ATUAL[1:9]> with one-hot encoding.
--------------------
 State | Encoding
--------------------
 est_0 | 000000001
 est_1 | 000000010
 est_2 | 000000100
 est_3 | 000001000
 est_4 | 000010000
 est_5 | 000100000
 est_6 | 001000000
 est_7 | 010000000
 est_8 | 100000000
--------------------

=========================================================================
Advanced HDL Synthesis Report

Macro Statistics
# FSMs                                                 : 1
# Latches                                              : 4
 1-bit latch                                           : 4

=========================================================================

=========================================================================
*                         Low Level Synthesis                           *
=========================================================================

Optimizing unit <UC_ASM_temporizador> ...

Mapping all equations...
Building and optimizing final netlist ...
Found area constraint ratio of 100 (+ 5) on block UC_ASM_temporizador, actual ratio is 0.

Final Macro Processing ...

=========================================================================
Final Register Report

Macro Statistics
# Registers                                            : 9
 Flip-Flops                                            : 9

=========================================================================

=========================================================================
*                           Partition Report                            *
=========================================================================

Partition Implementation Status
-------------------------------

  No Partitions were found in this design.

-------------------------------

=========================================================================
*                            Final Report                               *
=========================================================================
Final Results
RTL Top Level Output File Name     : UC_ASM_temporizador.ngr
Top Level Output File Name         : UC_ASM_temporizador
Output Format                      : NGC
Optimization Goal                  : Speed
Keep Hierarchy                     : No

Design Statistics
# IOs                              : 10

Cell Usage :
# BELS                             : 13
#      GND                         : 1
#      LUT2                        : 4
#      LUT3                        : 3
#      LUT4                        : 2
#      MUXF5                       : 2
#      VCC                         : 1
# FlipFlops/Latches                : 13
#      FDC                         : 7
#      FDCE                        : 1
#      FDPE                        : 1
#      LD                          : 4
# Clock Buffers                    : 1
#      BUFGP                       : 1
# IO Buffers                       : 9
#      IBUF                        : 5
#      OBUF                        : 4
=========================================================================

Device utilization summary:
---------------------------

Selected Device : 3s100ecp132-4 

 Number of Slices:                        8  out of    960     0%  
 Number of Slice Flip Flops:              9  out of   1920     0%  
 Number of 4 input LUTs:                  9  out of   1920     0%  
 Number of IOs:                          10
 Number of bonded IOBs:                  10  out of     83    12%  
    IOB Flip Flops:                       4
 Number of GCLKs:                         1  out of     24     4%  

---------------------------
Partition Resource Summary:
---------------------------

  No Partitions were found in this design.

---------------------------


=========================================================================
TIMING REPORT

NOTE: THESE TIMING NUMBERS ARE ONLY A SYNTHESIS ESTIMATE.
      FOR ACCURATE TIMING INFORMATION PLEASE REFER TO THE TRACE REPORT
      GENERATED AFTER PLACE-and-ROUTE.

Clock Information:
------------------
-----------------------------------+------------------------+-------+
Clock Signal                       | Clock buffer(FF name)  | Load  |
-----------------------------------+------------------------+-------+
EN4_or0000(EN4_or000013_f5:O)      | NONE(*)(EN1)           | 4     |
CLK_UC                             | BUFGP                  | 9     |
-----------------------------------+------------------------+-------+
(*) This 1 clock signal(s) are generated by combinatorial logic,
and XST is not able to identify which are the primary clock signals.
Please use the CLOCK_SIGNAL constraint to specify the clock signal(s) generated by combinatorial logic.
INFO:Xst:2169 - HDL ADVISOR - Some clock signals were not automatically buffered by XST with BUFG/BUFR resources. Please use the buffer_type constraint in order to insert these buffers to the clock signals to help prevent skew problems.

Asynchronous Control Signals Information:
----------------------------------------
-----------------------------------+------------------------+-------+
Control Signal                     | Buffer(FF name)        | Load  |
-----------------------------------+------------------------+-------+
RST_UC                             | IBUF                   | 9     |
-----------------------------------+------------------------+-------+

Timing Summary:
---------------
Speed Grade: -4

   Minimum period: 2.213ns (Maximum Frequency: 451.875MHz)
   Minimum input arrival time before clock: 2.852ns
   Maximum output required time after clock: 4.368ns
   Maximum combinational path delay: No path found

Timing Detail:
--------------
All values displayed in nanoseconds (ns)

=========================================================================
Timing constraint: Default period analysis for Clock 'CLK_UC'
  Clock period: 2.213ns (frequency: 451.875MHz)
  Total number of paths / destination ports: 11 / 8
-------------------------------------------------------------------------
Delay:               2.213ns (Levels of Logic = 1)
  Source:            ESTADO_ATUAL_FSM_FFd3 (FF)
  Destination:       ESTADO_ATUAL_FSM_FFd3 (FF)
  Source Clock:      CLK_UC rising
  Destination Clock: CLK_UC rising

  Data Path: ESTADO_ATUAL_FSM_FFd3 to ESTADO_ATUAL_FSM_FFd3
                                Gate     Net
    Cell:in->out      fanout   Delay   Delay  Logical Name (Net Name)
    ----------------------------------------  ------------
     FDC:C->Q              3   0.591   0.610  ESTADO_ATUAL_FSM_FFd3 (ESTADO_ATUAL_FSM_FFd3)
     LUT2:I1->O            1   0.704   0.000  ESTADO_ATUAL_FSM_FFd2-In1 (ESTADO_ATUAL_FSM_FFd2-In)
     FDC:D                     0.308          ESTADO_ATUAL_FSM_FFd2
    ----------------------------------------
    Total                      2.213ns (1.603ns logic, 0.610ns route)
                                       (72.4% logic, 27.6% route)

=========================================================================
Timing constraint: Default OFFSET IN BEFORE for Clock 'CLK_UC'
  Total number of paths / destination ports: 8 / 8
-------------------------------------------------------------------------
Offset:              2.852ns (Levels of Logic = 2)
  Source:            L4 (PAD)
  Destination:       ESTADO_ATUAL_FSM_FFd3 (FF)
  Destination Clock: CLK_UC rising

  Data Path: L4 to ESTADO_ATUAL_FSM_FFd3
                                Gate     Net
    Cell:in->out      fanout   Delay   Delay  Logical Name (Net Name)
    ----------------------------------------  ------------
     IBUF:I->O             2   1.218   0.622  L4_IBUF (L4_IBUF)
     LUT2:I0->O            1   0.704   0.000  ESTADO_ATUAL_FSM_FFd2-In1 (ESTADO_ATUAL_FSM_FFd2-In)
     FDC:D                     0.308          ESTADO_ATUAL_FSM_FFd2
    ----------------------------------------
    Total                      2.852ns (2.230ns logic, 0.622ns route)
                                       (78.2% logic, 21.8% route)

=========================================================================
Timing constraint: Default OFFSET OUT AFTER for Clock 'EN4_or0000'
  Total number of paths / destination ports: 4 / 4
-------------------------------------------------------------------------
Offset:              4.368ns (Levels of Logic = 1)
  Source:            EN1 (LATCH)
  Destination:       EN1 (PAD)
  Source Clock:      EN4_or0000 falling

  Data Path: EN1 to EN1
                                Gate     Net
    Cell:in->out      fanout   Delay   Delay  Logical Name (Net Name)
    ----------------------------------------  ------------
     LD:G->Q               1   0.676   0.420  EN1 (EN1_OBUF)
     OBUF:I->O                 3.272          EN1_OBUF (EN1)
    ----------------------------------------
    Total                      4.368ns (3.948ns logic, 0.420ns route)
                                       (90.4% logic, 9.6% route)

=========================================================================


Total REAL time to Xst completion: 3.00 secs
Total CPU time to Xst completion: 3.32 secs
 
--> 

Total memory usage is 4498772 kilobytes

Number of errors   :    0 (   0 filtered)
Number of warnings :    4 (   0 filtered)
Number of infos    :    5 (   0 filtered)

