#-----------------------------------------------------------
# PlanAhead v14.7 (64-bit)
# Build 321239 by xbuild on Fri Sep 27 19:29:51 MDT 2013
# Start of session at: Wed May 26 17:55:04 2021
# Process ID: 13332
# Log file: C:/Users/Usuario/Desktop/N2- ARQUITETURA/TEMPORIZADOR/planAhead_run_1/planAhead.log
# Journal file: C:/Users/Usuario/Desktop/N2- ARQUITETURA/TEMPORIZADOR/planAhead_run_1/planAhead.jou
#-----------------------------------------------------------
INFO: [Common 17-78] Attempting to get a license: PlanAhead
INFO: [Common 17-290] Got license for PlanAhead
INFO: [Device 21-36] Loading parts and site information from D:/Xilinx/14.7/ISE_DS/PlanAhead/data/parts/arch.xml
Parsing RTL primitives file [D:/Xilinx/14.7/ISE_DS/PlanAhead/data/parts/xilinx/rtl/prims/rtl_prims.xml]
Finished parsing RTL primitives file [D:/Xilinx/14.7/ISE_DS/PlanAhead/data/parts/xilinx/rtl/prims/rtl_prims.xml]
start_gui
source {C:/Users/Usuario/Desktop/N2- ARQUITETURA/TEMPORIZADOR/pa.fromHdl.tcl}
# create_project -name TEMPORIZADOR -dir "C:/Users/Usuario/Desktop/N2- ARQUITETURA/TEMPORIZADOR/planAhead_run_1" -part xc3s100ecp132-4
INFO: [Common 17-41] Interrupt caught. Command should exit soon.
# set_param project.pinAheadLayout yes
INFO: [Common 17-344] 'set_param' was cancelled
INFO: [Common 17-344] 'source' was cancelled
exit
ERROR: [PlanAhead 12-106] *** Exception: ui.h.b: Found deleted key in HTclEventBroker. Verify if the classes listed here call cleanup()
HTclEvent: DEBUG_PORT_CONFIG_CHANGE   Classes: ui.views.aR 
HTclEvent: SIGNAL_MODIFY   Classes: ui.views.aR 
HTclEvent: DEBUG_CORE_CONFIG_CHANGE   Classes: ui.views.aR 
HTclEvent: SIGNAL_BUS_MODIFY   Classes: ui.views.aR 
 (See C:/Users/Usuario/Desktop/N2- ARQUITETURA/TEMPORIZADOR\planAhead_pid13332.debug)
ERROR: [Common 17-39] 'stop_gui' failed due to earlier errors.
INFO: [Common 17-206] Exiting PlanAhead at Wed May 26 17:55:50 2021...
INFO: [Common 17-83] Releasing license: PlanAhead
